<?xml version="1.0" encoding="UTF-8"?>
<testsuite
	xmlns:xsi="http://www.w3.org/2001/XMLSchema-instance"
	xsi:noNamespaceSchemaLocation="https://maven.apache.org/surefire/maven-surefire-plugin/xsd/surefire-test-report.xsd"
	name="com.bol.egorbatik.mancala.service.BoardServiceImplTest"
	time="0.008" tests="1" errors="1" skipped="0" failures="0">
	<properties>
		<property name="gopherProxySet" value="false" />
		<property name="awt.toolkit"
			value="sun.lwawt.macosx.LWCToolkit" />
		<property name="file.encoding.pkg" value="sun.io" />
		<property name="java.specification.version" value="1.8" />
		<property name="sun.cpu.isalist" value="" />
		<property name="sun.jnu.encoding" value="UTF-8" />
		<property name="java.class.path"
			value="/Users/egorbatik/Downloads/mancala/target/test-classes:/Users/egorbatik/Downloads/mancala/target/classes:/Users/egorbatik/.m2/repository/org/springframework/boot/spring-boot-starter-web/2.4.0/spring-boot-starter-web-2.4.0.jar:/Users/egorbatik/.m2/repository/org/springframework/boot/spring-boot-starter/2.4.0/spring-boot-starter-2.4.0.jar:/Users/egorbatik/.m2/repository/org/springframework/boot/spring-boot-starter-logging/2.4.0/spring-boot-starter-logging-2.4.0.jar:/Users/egorbatik/.m2/repository/ch/qos/logback/logback-classic/1.2.3/logback-classic-1.2.3.jar:/Users/egorbatik/.m2/repository/ch/qos/logback/logback-core/1.2.3/logback-core-1.2.3.jar:/Users/egorbatik/.m2/repository/org/apache/logging/log4j/log4j-to-slf4j/2.13.3/log4j-to-slf4j-2.13.3.jar:/Users/egorbatik/.m2/repository/org/apache/logging/log4j/log4j-api/2.13.3/log4j-api-2.13.3.jar:/Users/egorbatik/.m2/repository/org/slf4j/jul-to-slf4j/1.7.30/jul-to-slf4j-1.7.30.jar:/Users/egorbatik/.m2/repository/jakarta/annotation/jakarta.annotation-api/1.3.5/jakarta.annotation-api-1.3.5.jar:/Users/egorbatik/.m2/repository/org/yaml/snakeyaml/1.27/snakeyaml-1.27.jar:/Users/egorbatik/.m2/repository/org/springframework/boot/spring-boot-starter-json/2.4.0/spring-boot-starter-json-2.4.0.jar:/Users/egorbatik/.m2/repository/com/fasterxml/jackson/core/jackson-databind/2.11.3/jackson-databind-2.11.3.jar:/Users/egorbatik/.m2/repository/com/fasterxml/jackson/core/jackson-annotations/2.11.3/jackson-annotations-2.11.3.jar:/Users/egorbatik/.m2/repository/com/fasterxml/jackson/core/jackson-core/2.11.3/jackson-core-2.11.3.jar:/Users/egorbatik/.m2/repository/com/fasterxml/jackson/datatype/jackson-datatype-jdk8/2.11.3/jackson-datatype-jdk8-2.11.3.jar:/Users/egorbatik/.m2/repository/com/fasterxml/jackson/datatype/jackson-datatype-jsr310/2.11.3/jackson-datatype-jsr310-2.11.3.jar:/Users/egorbatik/.m2/repository/com/fasterxml/jackson/module/jackson-module-parameter-names/2.11.3/jackson-module-parameter-names-2.11.3.jar:/Users/egorbatik/.m2/repository/org/springframework/boot/spring-boot-starter-tomcat/2.4.0/spring-boot-starter-tomcat-2.4.0.jar:/Users/egorbatik/.m2/repository/org/apache/tomcat/embed/tomcat-embed-core/9.0.39/tomcat-embed-core-9.0.39.jar:/Users/egorbatik/.m2/repository/org/glassfish/jakarta.el/3.0.3/jakarta.el-3.0.3.jar:/Users/egorbatik/.m2/repository/org/apache/tomcat/embed/tomcat-embed-websocket/9.0.39/tomcat-embed-websocket-9.0.39.jar:/Users/egorbatik/.m2/repository/org/springframework/spring-web/5.3.1/spring-web-5.3.1.jar:/Users/egorbatik/.m2/repository/org/springframework/spring-beans/5.3.1/spring-beans-5.3.1.jar:/Users/egorbatik/.m2/repository/org/springframework/spring-webmvc/5.3.1/spring-webmvc-5.3.1.jar:/Users/egorbatik/.m2/repository/org/springframework/spring-aop/5.3.1/spring-aop-5.3.1.jar:/Users/egorbatik/.m2/repository/org/springframework/spring-context/5.3.1/spring-context-5.3.1.jar:/Users/egorbatik/.m2/repository/org/springframework/spring-expression/5.3.1/spring-expression-5.3.1.jar:/Users/egorbatik/.m2/repository/org/springframework/boot/spring-boot-starter-thymeleaf/2.4.0/spring-boot-starter-thymeleaf-2.4.0.jar:/Users/egorbatik/.m2/repository/org/thymeleaf/thymeleaf-spring5/3.0.11.RELEASE/thymeleaf-spring5-3.0.11.RELEASE.jar:/Users/egorbatik/.m2/repository/org/thymeleaf/thymeleaf/3.0.11.RELEASE/thymeleaf-3.0.11.RELEASE.jar:/Users/egorbatik/.m2/repository/org/attoparser/attoparser/2.0.5.RELEASE/attoparser-2.0.5.RELEASE.jar:/Users/egorbatik/.m2/repository/org/unbescape/unbescape/1.1.6.RELEASE/unbescape-1.1.6.RELEASE.jar:/Users/egorbatik/.m2/repository/org/slf4j/slf4j-api/1.7.30/slf4j-api-1.7.30.jar:/Users/egorbatik/.m2/repository/org/thymeleaf/extras/thymeleaf-extras-java8time/3.0.4.RELEASE/thymeleaf-extras-java8time-3.0.4.RELEASE.jar:/Users/egorbatik/.m2/repository/org/springframework/boot/spring-boot-starter-data-jpa/2.4.0/spring-boot-starter-data-jpa-2.4.0.jar:/Users/egorbatik/.m2/repository/org/springframework/boot/spring-boot-starter-aop/2.4.0/spring-boot-starter-aop-2.4.0.jar:/Users/egorbatik/.m2/repository/org/aspectj/aspectjweaver/1.9.6/aspectjweaver-1.9.6.jar:/Users/egorbatik/.m2/repository/org/springframework/boot/spring-boot-starter-jdbc/2.4.0/spring-boot-starter-jdbc-2.4.0.jar:/Users/egorbatik/.m2/repository/com/zaxxer/HikariCP/3.4.5/HikariCP-3.4.5.jar:/Users/egorbatik/.m2/repository/org/springframework/spring-jdbc/5.3.1/spring-jdbc-5.3.1.jar:/Users/egorbatik/.m2/repository/jakarta/transaction/jakarta.transaction-api/1.3.3/jakarta.transaction-api-1.3.3.jar:/Users/egorbatik/.m2/repository/jakarta/persistence/jakarta.persistence-api/2.2.3/jakarta.persistence-api-2.2.3.jar:/Users/egorbatik/.m2/repository/org/hibernate/hibernate-core/5.4.23.Final/hibernate-core-5.4.23.Final.jar:/Users/egorbatik/.m2/repository/org/jboss/logging/jboss-logging/3.4.1.Final/jboss-logging-3.4.1.Final.jar:/Users/egorbatik/.m2/repository/org/javassist/javassist/3.24.0-GA/javassist-3.24.0-GA.jar:/Users/egorbatik/.m2/repository/net/bytebuddy/byte-buddy/1.10.18/byte-buddy-1.10.18.jar:/Users/egorbatik/.m2/repository/antlr/antlr/2.7.7/antlr-2.7.7.jar:/Users/egorbatik/.m2/repository/org/jboss/jandex/2.1.3.Final/jandex-2.1.3.Final.jar:/Users/egorbatik/.m2/repository/com/fasterxml/classmate/1.5.1/classmate-1.5.1.jar:/Users/egorbatik/.m2/repository/org/dom4j/dom4j/2.1.3/dom4j-2.1.3.jar:/Users/egorbatik/.m2/repository/org/hibernate/common/hibernate-commons-annotations/5.1.2.Final/hibernate-commons-annotations-5.1.2.Final.jar:/Users/egorbatik/.m2/repository/org/glassfish/jaxb/jaxb-runtime/2.3.3/jaxb-runtime-2.3.3.jar:/Users/egorbatik/.m2/repository/org/glassfish/jaxb/txw2/2.3.3/txw2-2.3.3.jar:/Users/egorbatik/.m2/repository/com/sun/istack/istack-commons-runtime/3.0.11/istack-commons-runtime-3.0.11.jar:/Users/egorbatik/.m2/repository/com/sun/activation/jakarta.activation/1.2.2/jakarta.activation-1.2.2.jar:/Users/egorbatik/.m2/repository/org/springframework/data/spring-data-jpa/2.4.1/spring-data-jpa-2.4.1.jar:/Users/egorbatik/.m2/repository/org/springframework/data/spring-data-commons/2.4.1/spring-data-commons-2.4.1.jar:/Users/egorbatik/.m2/repository/org/springframework/spring-orm/5.3.1/spring-orm-5.3.1.jar:/Users/egorbatik/.m2/repository/org/springframework/spring-tx/5.3.1/spring-tx-5.3.1.jar:/Users/egorbatik/.m2/repository/org/springframework/spring-aspects/5.3.1/spring-aspects-5.3.1.jar:/Users/egorbatik/.m2/repository/com/h2database/h2/1.4.200/h2-1.4.200.jar:/Users/egorbatik/.m2/repository/org/springframework/boot/spring-boot-starter-test/2.4.0/spring-boot-starter-test-2.4.0.jar:/Users/egorbatik/.m2/repository/org/springframework/boot/spring-boot-test/2.4.0/spring-boot-test-2.4.0.jar:/Users/egorbatik/.m2/repository/org/springframework/boot/spring-boot-test-autoconfigure/2.4.0/spring-boot-test-autoconfigure-2.4.0.jar:/Users/egorbatik/.m2/repository/com/jayway/jsonpath/json-path/2.4.0/json-path-2.4.0.jar:/Users/egorbatik/.m2/repository/net/minidev/json-smart/2.3/json-smart-2.3.jar:/Users/egorbatik/.m2/repository/net/minidev/accessors-smart/1.2/accessors-smart-1.2.jar:/Users/egorbatik/.m2/repository/org/ow2/asm/asm/5.0.4/asm-5.0.4.jar:/Users/egorbatik/.m2/repository/jakarta/xml/bind/jakarta.xml.bind-api/2.3.3/jakarta.xml.bind-api-2.3.3.jar:/Users/egorbatik/.m2/repository/jakarta/activation/jakarta.activation-api/1.2.2/jakarta.activation-api-1.2.2.jar:/Users/egorbatik/.m2/repository/org/assertj/assertj-core/3.18.1/assertj-core-3.18.1.jar:/Users/egorbatik/.m2/repository/org/hamcrest/hamcrest/2.2/hamcrest-2.2.jar:/Users/egorbatik/.m2/repository/org/junit/jupiter/junit-jupiter/5.7.0/junit-jupiter-5.7.0.jar:/Users/egorbatik/.m2/repository/org/junit/jupiter/junit-jupiter-api/5.7.0/junit-jupiter-api-5.7.0.jar:/Users/egorbatik/.m2/repository/org/junit/jupiter/junit-jupiter-params/5.7.0/junit-jupiter-params-5.7.0.jar:/Users/egorbatik/.m2/repository/org/junit/jupiter/junit-jupiter-engine/5.7.0/junit-jupiter-engine-5.7.0.jar:/Users/egorbatik/.m2/repository/org/mockito/mockito-core/3.6.0/mockito-core-3.6.0.jar:/Users/egorbatik/.m2/repository/net/bytebuddy/byte-buddy-agent/1.10.18/byte-buddy-agent-1.10.18.jar:/Users/egorbatik/.m2/repository/org/objenesis/objenesis/3.1/objenesis-3.1.jar:/Users/egorbatik/.m2/repository/org/mockito/mockito-junit-jupiter/3.6.0/mockito-junit-jupiter-3.6.0.jar:/Users/egorbatik/.m2/repository/org/skyscreamer/jsonassert/1.5.0/jsonassert-1.5.0.jar:/Users/egorbatik/.m2/repository/com/vaadin/external/google/android-json/0.0.20131108.vaadin1/android-json-0.0.20131108.vaadin1.jar:/Users/egorbatik/.m2/repository/org/springframework/spring-core/5.3.1/spring-core-5.3.1.jar:/Users/egorbatik/.m2/repository/org/springframework/spring-jcl/5.3.1/spring-jcl-5.3.1.jar:/Users/egorbatik/.m2/repository/org/springframework/spring-test/5.3.1/spring-test-5.3.1.jar:/Users/egorbatik/.m2/repository/org/xmlunit/xmlunit-core/2.7.0/xmlunit-core-2.7.0.jar:/Users/egorbatik/.m2/repository/org/springframework/boot/spring-boot-devtools/2.4.0/spring-boot-devtools-2.4.0.jar:/Users/egorbatik/.m2/repository/org/springframework/boot/spring-boot/2.4.0/spring-boot-2.4.0.jar:/Users/egorbatik/.m2/repository/org/springframework/boot/spring-boot-autoconfigure/2.4.0/spring-boot-autoconfigure-2.4.0.jar:/Users/egorbatik/.m2/repository/org/projectlombok/lombok/1.18.16/lombok-1.18.16.jar:/Users/egorbatik/.m2/repository/org/junit/vintage/junit-vintage-engine/5.7.0/junit-vintage-engine-5.7.0.jar:/Users/egorbatik/.m2/repository/org/apiguardian/apiguardian-api/1.1.0/apiguardian-api-1.1.0.jar:/Users/egorbatik/.m2/repository/org/junit/platform/junit-platform-engine/1.7.0/junit-platform-engine-1.7.0.jar:/Users/egorbatik/.m2/repository/org/opentest4j/opentest4j/1.2.0/opentest4j-1.2.0.jar:/Users/egorbatik/.m2/repository/org/junit/platform/junit-platform-commons/1.7.0/junit-platform-commons-1.7.0.jar:/Users/egorbatik/.m2/repository/junit/junit/4.13.1/junit-4.13.1.jar:" />
		<property name="java.vm.vendor" value="AdoptOpenJDK" />
		<property name="sun.arch.data.model" value="64" />
		<property name="java.vendor.url"
			value="https://adoptopenjdk.net/" />
		<property name="user.timezone" value="" />
		<property name="java.vm.specification.version" value="1.8" />
		<property name="os.name" value="Mac OS X" />
		<property name="user.country" value="US" />
		<property name="sun.java.launcher" value="SUN_STANDARD" />
		<property name="sun.boot.library.path"
			value="/Library/Java/JavaVirtualMachines/adoptopenjdk-8.jdk/Contents/Home/jre/lib" />
		<property name="sun.java.command"
			value="/Users/egorbatik/Downloads/mancala/target/surefire/surefirebooter177060447951236431.jar /Users/egorbatik/Downloads/mancala/target/surefire 2021-08-14T22-39-11_369-jvmRun1 surefire64330284038167028tmp surefire_08553158410708872862tmp" />
		<property name="http.nonProxyHosts"
			value="local|*.local|169.254/16|*.169.254/16" />
		<property name="surefire.test.class.path"
			value="/Users/egorbatik/Downloads/mancala/target/test-classes:/Users/egorbatik/Downloads/mancala/target/classes:/Users/egorbatik/.m2/repository/org/springframework/boot/spring-boot-starter-web/2.4.0/spring-boot-starter-web-2.4.0.jar:/Users/egorbatik/.m2/repository/org/springframework/boot/spring-boot-starter/2.4.0/spring-boot-starter-2.4.0.jar:/Users/egorbatik/.m2/repository/org/springframework/boot/spring-boot-starter-logging/2.4.0/spring-boot-starter-logging-2.4.0.jar:/Users/egorbatik/.m2/repository/ch/qos/logback/logback-classic/1.2.3/logback-classic-1.2.3.jar:/Users/egorbatik/.m2/repository/ch/qos/logback/logback-core/1.2.3/logback-core-1.2.3.jar:/Users/egorbatik/.m2/repository/org/apache/logging/log4j/log4j-to-slf4j/2.13.3/log4j-to-slf4j-2.13.3.jar:/Users/egorbatik/.m2/repository/org/apache/logging/log4j/log4j-api/2.13.3/log4j-api-2.13.3.jar:/Users/egorbatik/.m2/repository/org/slf4j/jul-to-slf4j/1.7.30/jul-to-slf4j-1.7.30.jar:/Users/egorbatik/.m2/repository/jakarta/annotation/jakarta.annotation-api/1.3.5/jakarta.annotation-api-1.3.5.jar:/Users/egorbatik/.m2/repository/org/yaml/snakeyaml/1.27/snakeyaml-1.27.jar:/Users/egorbatik/.m2/repository/org/springframework/boot/spring-boot-starter-json/2.4.0/spring-boot-starter-json-2.4.0.jar:/Users/egorbatik/.m2/repository/com/fasterxml/jackson/core/jackson-databind/2.11.3/jackson-databind-2.11.3.jar:/Users/egorbatik/.m2/repository/com/fasterxml/jackson/core/jackson-annotations/2.11.3/jackson-annotations-2.11.3.jar:/Users/egorbatik/.m2/repository/com/fasterxml/jackson/core/jackson-core/2.11.3/jackson-core-2.11.3.jar:/Users/egorbatik/.m2/repository/com/fasterxml/jackson/datatype/jackson-datatype-jdk8/2.11.3/jackson-datatype-jdk8-2.11.3.jar:/Users/egorbatik/.m2/repository/com/fasterxml/jackson/datatype/jackson-datatype-jsr310/2.11.3/jackson-datatype-jsr310-2.11.3.jar:/Users/egorbatik/.m2/repository/com/fasterxml/jackson/module/jackson-module-parameter-names/2.11.3/jackson-module-parameter-names-2.11.3.jar:/Users/egorbatik/.m2/repository/org/springframework/boot/spring-boot-starter-tomcat/2.4.0/spring-boot-starter-tomcat-2.4.0.jar:/Users/egorbatik/.m2/repository/org/apache/tomcat/embed/tomcat-embed-core/9.0.39/tomcat-embed-core-9.0.39.jar:/Users/egorbatik/.m2/repository/org/glassfish/jakarta.el/3.0.3/jakarta.el-3.0.3.jar:/Users/egorbatik/.m2/repository/org/apache/tomcat/embed/tomcat-embed-websocket/9.0.39/tomcat-embed-websocket-9.0.39.jar:/Users/egorbatik/.m2/repository/org/springframework/spring-web/5.3.1/spring-web-5.3.1.jar:/Users/egorbatik/.m2/repository/org/springframework/spring-beans/5.3.1/spring-beans-5.3.1.jar:/Users/egorbatik/.m2/repository/org/springframework/spring-webmvc/5.3.1/spring-webmvc-5.3.1.jar:/Users/egorbatik/.m2/repository/org/springframework/spring-aop/5.3.1/spring-aop-5.3.1.jar:/Users/egorbatik/.m2/repository/org/springframework/spring-context/5.3.1/spring-context-5.3.1.jar:/Users/egorbatik/.m2/repository/org/springframework/spring-expression/5.3.1/spring-expression-5.3.1.jar:/Users/egorbatik/.m2/repository/org/springframework/boot/spring-boot-starter-thymeleaf/2.4.0/spring-boot-starter-thymeleaf-2.4.0.jar:/Users/egorbatik/.m2/repository/org/thymeleaf/thymeleaf-spring5/3.0.11.RELEASE/thymeleaf-spring5-3.0.11.RELEASE.jar:/Users/egorbatik/.m2/repository/org/thymeleaf/thymeleaf/3.0.11.RELEASE/thymeleaf-3.0.11.RELEASE.jar:/Users/egorbatik/.m2/repository/org/attoparser/attoparser/2.0.5.RELEASE/attoparser-2.0.5.RELEASE.jar:/Users/egorbatik/.m2/repository/org/unbescape/unbescape/1.1.6.RELEASE/unbescape-1.1.6.RELEASE.jar:/Users/egorbatik/.m2/repository/org/slf4j/slf4j-api/1.7.30/slf4j-api-1.7.30.jar:/Users/egorbatik/.m2/repository/org/thymeleaf/extras/thymeleaf-extras-java8time/3.0.4.RELEASE/thymeleaf-extras-java8time-3.0.4.RELEASE.jar:/Users/egorbatik/.m2/repository/org/springframework/boot/spring-boot-starter-data-jpa/2.4.0/spring-boot-starter-data-jpa-2.4.0.jar:/Users/egorbatik/.m2/repository/org/springframework/boot/spring-boot-starter-aop/2.4.0/spring-boot-starter-aop-2.4.0.jar:/Users/egorbatik/.m2/repository/org/aspectj/aspectjweaver/1.9.6/aspectjweaver-1.9.6.jar:/Users/egorbatik/.m2/repository/org/springframework/boot/spring-boot-starter-jdbc/2.4.0/spring-boot-starter-jdbc-2.4.0.jar:/Users/egorbatik/.m2/repository/com/zaxxer/HikariCP/3.4.5/HikariCP-3.4.5.jar:/Users/egorbatik/.m2/repository/org/springframework/spring-jdbc/5.3.1/spring-jdbc-5.3.1.jar:/Users/egorbatik/.m2/repository/jakarta/transaction/jakarta.transaction-api/1.3.3/jakarta.transaction-api-1.3.3.jar:/Users/egorbatik/.m2/repository/jakarta/persistence/jakarta.persistence-api/2.2.3/jakarta.persistence-api-2.2.3.jar:/Users/egorbatik/.m2/repository/org/hibernate/hibernate-core/5.4.23.Final/hibernate-core-5.4.23.Final.jar:/Users/egorbatik/.m2/repository/org/jboss/logging/jboss-logging/3.4.1.Final/jboss-logging-3.4.1.Final.jar:/Users/egorbatik/.m2/repository/org/javassist/javassist/3.24.0-GA/javassist-3.24.0-GA.jar:/Users/egorbatik/.m2/repository/net/bytebuddy/byte-buddy/1.10.18/byte-buddy-1.10.18.jar:/Users/egorbatik/.m2/repository/antlr/antlr/2.7.7/antlr-2.7.7.jar:/Users/egorbatik/.m2/repository/org/jboss/jandex/2.1.3.Final/jandex-2.1.3.Final.jar:/Users/egorbatik/.m2/repository/com/fasterxml/classmate/1.5.1/classmate-1.5.1.jar:/Users/egorbatik/.m2/repository/org/dom4j/dom4j/2.1.3/dom4j-2.1.3.jar:/Users/egorbatik/.m2/repository/org/hibernate/common/hibernate-commons-annotations/5.1.2.Final/hibernate-commons-annotations-5.1.2.Final.jar:/Users/egorbatik/.m2/repository/org/glassfish/jaxb/jaxb-runtime/2.3.3/jaxb-runtime-2.3.3.jar:/Users/egorbatik/.m2/repository/org/glassfish/jaxb/txw2/2.3.3/txw2-2.3.3.jar:/Users/egorbatik/.m2/repository/com/sun/istack/istack-commons-runtime/3.0.11/istack-commons-runtime-3.0.11.jar:/Users/egorbatik/.m2/repository/com/sun/activation/jakarta.activation/1.2.2/jakarta.activation-1.2.2.jar:/Users/egorbatik/.m2/repository/org/springframework/data/spring-data-jpa/2.4.1/spring-data-jpa-2.4.1.jar:/Users/egorbatik/.m2/repository/org/springframework/data/spring-data-commons/2.4.1/spring-data-commons-2.4.1.jar:/Users/egorbatik/.m2/repository/org/springframework/spring-orm/5.3.1/spring-orm-5.3.1.jar:/Users/egorbatik/.m2/repository/org/springframework/spring-tx/5.3.1/spring-tx-5.3.1.jar:/Users/egorbatik/.m2/repository/org/springframework/spring-aspects/5.3.1/spring-aspects-5.3.1.jar:/Users/egorbatik/.m2/repository/com/h2database/h2/1.4.200/h2-1.4.200.jar:/Users/egorbatik/.m2/repository/org/springframework/boot/spring-boot-starter-test/2.4.0/spring-boot-starter-test-2.4.0.jar:/Users/egorbatik/.m2/repository/org/springframework/boot/spring-boot-test/2.4.0/spring-boot-test-2.4.0.jar:/Users/egorbatik/.m2/repository/org/springframework/boot/spring-boot-test-autoconfigure/2.4.0/spring-boot-test-autoconfigure-2.4.0.jar:/Users/egorbatik/.m2/repository/com/jayway/jsonpath/json-path/2.4.0/json-path-2.4.0.jar:/Users/egorbatik/.m2/repository/net/minidev/json-smart/2.3/json-smart-2.3.jar:/Users/egorbatik/.m2/repository/net/minidev/accessors-smart/1.2/accessors-smart-1.2.jar:/Users/egorbatik/.m2/repository/org/ow2/asm/asm/5.0.4/asm-5.0.4.jar:/Users/egorbatik/.m2/repository/jakarta/xml/bind/jakarta.xml.bind-api/2.3.3/jakarta.xml.bind-api-2.3.3.jar:/Users/egorbatik/.m2/repository/jakarta/activation/jakarta.activation-api/1.2.2/jakarta.activation-api-1.2.2.jar:/Users/egorbatik/.m2/repository/org/assertj/assertj-core/3.18.1/assertj-core-3.18.1.jar:/Users/egorbatik/.m2/repository/org/hamcrest/hamcrest/2.2/hamcrest-2.2.jar:/Users/egorbatik/.m2/repository/org/junit/jupiter/junit-jupiter/5.7.0/junit-jupiter-5.7.0.jar:/Users/egorbatik/.m2/repository/org/junit/jupiter/junit-jupiter-api/5.7.0/junit-jupiter-api-5.7.0.jar:/Users/egorbatik/.m2/repository/org/junit/jupiter/junit-jupiter-params/5.7.0/junit-jupiter-params-5.7.0.jar:/Users/egorbatik/.m2/repository/org/junit/jupiter/junit-jupiter-engine/5.7.0/junit-jupiter-engine-5.7.0.jar:/Users/egorbatik/.m2/repository/org/mockito/mockito-core/3.6.0/mockito-core-3.6.0.jar:/Users/egorbatik/.m2/repository/net/bytebuddy/byte-buddy-agent/1.10.18/byte-buddy-agent-1.10.18.jar:/Users/egorbatik/.m2/repository/org/objenesis/objenesis/3.1/objenesis-3.1.jar:/Users/egorbatik/.m2/repository/org/mockito/mockito-junit-jupiter/3.6.0/mockito-junit-jupiter-3.6.0.jar:/Users/egorbatik/.m2/repository/org/skyscreamer/jsonassert/1.5.0/jsonassert-1.5.0.jar:/Users/egorbatik/.m2/repository/com/vaadin/external/google/android-json/0.0.20131108.vaadin1/android-json-0.0.20131108.vaadin1.jar:/Users/egorbatik/.m2/repository/org/springframework/spring-core/5.3.1/spring-core-5.3.1.jar:/Users/egorbatik/.m2/repository/org/springframework/spring-jcl/5.3.1/spring-jcl-5.3.1.jar:/Users/egorbatik/.m2/repository/org/springframework/spring-test/5.3.1/spring-test-5.3.1.jar:/Users/egorbatik/.m2/repository/org/xmlunit/xmlunit-core/2.7.0/xmlunit-core-2.7.0.jar:/Users/egorbatik/.m2/repository/org/springframework/boot/spring-boot-devtools/2.4.0/spring-boot-devtools-2.4.0.jar:/Users/egorbatik/.m2/repository/org/springframework/boot/spring-boot/2.4.0/spring-boot-2.4.0.jar:/Users/egorbatik/.m2/repository/org/springframework/boot/spring-boot-autoconfigure/2.4.0/spring-boot-autoconfigure-2.4.0.jar:/Users/egorbatik/.m2/repository/org/projectlombok/lombok/1.18.16/lombok-1.18.16.jar:/Users/egorbatik/.m2/repository/org/junit/vintage/junit-vintage-engine/5.7.0/junit-vintage-engine-5.7.0.jar:/Users/egorbatik/.m2/repository/org/apiguardian/apiguardian-api/1.1.0/apiguardian-api-1.1.0.jar:/Users/egorbatik/.m2/repository/org/junit/platform/junit-platform-engine/1.7.0/junit-platform-engine-1.7.0.jar:/Users/egorbatik/.m2/repository/org/opentest4j/opentest4j/1.2.0/opentest4j-1.2.0.jar:/Users/egorbatik/.m2/repository/org/junit/platform/junit-platform-commons/1.7.0/junit-platform-commons-1.7.0.jar:/Users/egorbatik/.m2/repository/junit/junit/4.13.1/junit-4.13.1.jar:" />
		<property name="sun.cpu.endian" value="little" />
		<property name="user.home" value="/Users/egorbatik" />
		<property name="user.language" value="en" />
		<property name="java.specification.vendor"
			value="Oracle Corporation" />
		<property name="java.home"
			value="/Library/Java/JavaVirtualMachines/adoptopenjdk-8.jdk/Contents/Home/jre" />
		<property name="basedir"
			value="/Users/egorbatik/Downloads/mancala" />
		<property name="file.separator" value="/" />
		<property name="line.separator" value="&#10;" />
		<property name="java.vm.specification.vendor"
			value="Oracle Corporation" />
		<property name="java.specification.name"
			value="Java Platform API Specification" />
		<property name="java.awt.graphicsenv"
			value="sun.awt.CGraphicsEnvironment" />
		<property name="surefire.real.class.path"
			value="/Users/egorbatik/Downloads/mancala/target/surefire/surefirebooter177060447951236431.jar" />
		<property name="sun.boot.class.path"
			value="/Library/Java/JavaVirtualMachines/adoptopenjdk-8.jdk/Contents/Home/jre/lib/resources.jar:/Library/Java/JavaVirtualMachines/adoptopenjdk-8.jdk/Contents/Home/jre/lib/rt.jar:/Library/Java/JavaVirtualMachines/adoptopenjdk-8.jdk/Contents/Home/jre/lib/sunrsasign.jar:/Library/Java/JavaVirtualMachines/adoptopenjdk-8.jdk/Contents/Home/jre/lib/jsse.jar:/Library/Java/JavaVirtualMachines/adoptopenjdk-8.jdk/Contents/Home/jre/lib/jce.jar:/Library/Java/JavaVirtualMachines/adoptopenjdk-8.jdk/Contents/Home/jre/lib/charsets.jar:/Library/Java/JavaVirtualMachines/adoptopenjdk-8.jdk/Contents/Home/jre/lib/jfr.jar:/Library/Java/JavaVirtualMachines/adoptopenjdk-8.jdk/Contents/Home/jre/classes" />
		<property name="sun.management.compiler"
			value="HotSpot 64-Bit Tiered Compilers" />
		<property name="ftp.nonProxyHosts"
			value="local|*.local|169.254/16|*.169.254/16" />
		<property name="java.runtime.version" value="1.8.0_292-b10" />
		<property name="user.name" value="egorbatik" />
		<property name="path.separator" value=":" />
		<property name="os.version" value="10.16" />
		<property name="java.endorsed.dirs"
			value="/Library/Java/JavaVirtualMachines/adoptopenjdk-8.jdk/Contents/Home/jre/lib/endorsed" />
		<property name="java.runtime.name"
			value="OpenJDK Runtime Environment" />
		<property name="file.encoding" value="UTF-8" />
		<property name="java.vm.name"
			value="OpenJDK 64-Bit Server VM" />
		<property name="localRepository"
			value="/Users/egorbatik/.m2/repository" />
		<property name="java.vendor.url.bug"
			value="https://github.com/AdoptOpenJDK/openjdk-support/issues" />
		<property name="java.io.tmpdir"
			value="/var/folders/3_/mg2_vglx74v2cjjzwjf78x1r0000gn/T/" />
		<property name="java.version" value="1.8.0_292" />
		<property name="user.dir"
			value="/Users/egorbatik/Downloads/mancala" />
		<property name="os.arch" value="x86_64" />
		<property name="java.vm.specification.name"
			value="Java Virtual Machine Specification" />
		<property name="java.awt.printerjob"
			value="sun.lwawt.macosx.CPrinterJob" />
		<property name="sun.os.patch.level" value="unknown" />
		<property name="java.library.path"
			value="/Users/egorbatik/Library/Java/Extensions:/Library/Java/Extensions:/Network/Library/Java/Extensions:/System/Library/Java/Extensions:/usr/lib/java:." />
		<property name="java.vm.info" value="mixed mode" />
		<property name="java.vendor" value="AdoptOpenJDK" />
		<property name="java.vm.version" value="25.292-b10" />
		<property name="java.ext.dirs"
			value="/Users/egorbatik/Library/Java/Extensions:/Library/Java/JavaVirtualMachines/adoptopenjdk-8.jdk/Contents/Home/jre/lib/ext:/Library/Java/Extensions:/Network/Library/Java/Extensions:/System/Library/Java/Extensions:/usr/lib/java" />
		<property name="sun.io.unicode.encoding" value="UnicodeBig" />
		<property name="java.class.version" value="52.0" />
		<property name="socksNonProxyHosts"
			value="local|*.local|169.254/16|*.169.254/16" />
	</properties>
	<testcase name="TestNewEmptyBoard"
		classname="com.bol.egorbatik.mancala.service.BoardServiceImplTest"
		time="0.119">
		<error type="java.lang.NullPointerException">java.lang.NullPointerException
	at com.bol.egorbatik.mancala.service.BoardServiceImplTest.TestNewEmptyBoard(BoardServiceImplTest.java:24)
</error>
		<system-out><![CDATA[22:39:12.457 [main] DEBUG org.springframework.test.context.BootstrapUtils - Instantiating CacheAwareContextLoaderDelegate from class [org.springframework.test.context.cache.DefaultCacheAwareContextLoaderDelegate]
22:39:12.478 [main] DEBUG org.springframework.test.context.BootstrapUtils - Instantiating BootstrapContext using constructor [public org.springframework.test.context.support.DefaultBootstrapContext(java.lang.Class,org.springframework.test.context.CacheAwareContextLoaderDelegate)]
22:39:12.531 [main] DEBUG org.springframework.test.context.BootstrapUtils - Instantiating TestContextBootstrapper for test class [com.bol.egorbatik.mancala.service.BoardServiceImplTest] from class [org.springframework.boot.test.context.SpringBootTestContextBootstrapper]
22:39:12.549 [main] INFO org.springframework.boot.test.context.SpringBootTestContextBootstrapper - Neither @ContextConfiguration nor @ContextHierarchy found for test class [com.bol.egorbatik.mancala.service.BoardServiceImplTest], using SpringBootContextLoader
22:39:12.556 [main] DEBUG org.springframework.test.context.support.AbstractContextLoader - Did not detect default resource location for test class [com.bol.egorbatik.mancala.service.BoardServiceImplTest]: class path resource [com/bol/egorbatik/mancala/service/BoardServiceImplTest-context.xml] does not exist
22:39:12.557 [main] DEBUG org.springframework.test.context.support.AbstractContextLoader - Did not detect default resource location for test class [com.bol.egorbatik.mancala.service.BoardServiceImplTest]: class path resource [com/bol/egorbatik/mancala/service/BoardServiceImplTestContext.groovy] does not exist
22:39:12.557 [main] INFO org.springframework.test.context.support.AbstractContextLoader - Could not detect default resource locations for test class [com.bol.egorbatik.mancala.service.BoardServiceImplTest]: no resource found for suffixes {-context.xml, Context.groovy}.
22:39:12.559 [main] INFO org.springframework.test.context.support.AnnotationConfigContextLoaderUtils - Could not detect default configuration classes for test class [com.bol.egorbatik.mancala.service.BoardServiceImplTest]: BoardServiceImplTest does not declare any static, non-private, non-final, nested classes annotated with @Configuration.
22:39:12.643 [main] DEBUG org.springframework.test.context.support.ActiveProfilesUtils - Could not find an 'annotation declaring class' for annotation type [org.springframework.test.context.ActiveProfiles] and class [com.bol.egorbatik.mancala.service.BoardServiceImplTest]
22:39:12.813 [main] DEBUG org.springframework.context.annotation.ClassPathScanningCandidateComponentProvider - Identified candidate component class: file [/Users/egorbatik/Downloads/mancala/target/classes/com/bol/egorbatik/mancala/MancalaApplication.class]
22:39:12.814 [main] INFO org.springframework.boot.test.context.SpringBootTestContextBootstrapper - Found @SpringBootConfiguration com.bol.egorbatik.mancala.MancalaApplication for test class com.bol.egorbatik.mancala.service.BoardServiceImplTest
22:39:13.007 [main] DEBUG org.springframework.boot.test.context.SpringBootTestContextBootstrapper - @TestExecutionListeners is not present for class [com.bol.egorbatik.mancala.service.BoardServiceImplTest]: using defaults.
22:39:13.008 [main] INFO org.springframework.boot.test.context.SpringBootTestContextBootstrapper - Loaded default TestExecutionListener class names from location [META-INF/spring.factories]: [org.springframework.boot.test.mock.mockito.MockitoTestExecutionListener, org.springframework.boot.test.mock.mockito.ResetMocksTestExecutionListener, org.springframework.boot.test.autoconfigure.restdocs.RestDocsTestExecutionListener, org.springframework.boot.test.autoconfigure.web.client.MockRestServiceServerResetTestExecutionListener, org.springframework.boot.test.autoconfigure.web.servlet.MockMvcPrintOnlyOnFailureTestExecutionListener, org.springframework.boot.test.autoconfigure.web.servlet.WebDriverTestExecutionListener, org.springframework.boot.test.autoconfigure.webservices.client.MockWebServiceServerTestExecutionListener, org.springframework.test.context.web.ServletTestExecutionListener, org.springframework.test.context.support.DirtiesContextBeforeModesTestExecutionListener, org.springframework.test.context.support.DependencyInjectionTestExecutionListener, org.springframework.test.context.support.DirtiesContextTestExecutionListener, org.springframework.test.context.transaction.TransactionalTestExecutionListener, org.springframework.test.context.jdbc.SqlScriptsTestExecutionListener, org.springframework.test.context.event.EventPublishingTestExecutionListener]
22:39:13.044 [main] INFO org.springframework.boot.test.context.SpringBootTestContextBootstrapper - Using TestExecutionListeners: [org.springframework.test.context.web.ServletTestExecutionListener@7fb4f2a9, org.springframework.test.context.support.DirtiesContextBeforeModesTestExecutionListener@4dc27487, org.springframework.boot.test.mock.mockito.MockitoTestExecutionListener@6a4f1a55, org.springframework.boot.test.autoconfigure.SpringBootDependencyInjectionTestExecutionListener@7dfd3c81, org.springframework.test.context.support.DirtiesContextTestExecutionListener@2584b82d, org.springframework.test.context.transaction.TransactionalTestExecutionListener@7bbc8656, org.springframework.test.context.jdbc.SqlScriptsTestExecutionListener@6933b6c6, org.springframework.test.context.event.EventPublishingTestExecutionListener@7d3e8655, org.springframework.boot.test.mock.mockito.ResetMocksTestExecutionListener@7dfb0c0f, org.springframework.boot.test.autoconfigure.restdocs.RestDocsTestExecutionListener@626abbd0, org.springframework.boot.test.autoconfigure.web.client.MockRestServiceServerResetTestExecutionListener@169bb4dd, org.springframework.boot.test.autoconfigure.web.servlet.MockMvcPrintOnlyOnFailureTestExecutionListener@1f9e9475, org.springframework.boot.test.autoconfigure.web.servlet.WebDriverTestExecutionListener@3aa078fd, org.springframework.boot.test.autoconfigure.webservices.client.MockWebServiceServerTestExecutionListener@d23e042]
22:39:13.050 [main] DEBUG org.springframework.test.context.support.AbstractDirtiesContextTestExecutionListener - Before test class: context [DefaultTestContext@1b66c0fb testClass = BoardServiceImplTest, testInstance = [null], testMethod = [null], testException = [null], mergedContextConfiguration = [WebMergedContextConfiguration@3e0e1046 testClass = BoardServiceImplTest, locations = '{}', classes = '{class com.bol.egorbatik.mancala.MancalaApplication}', contextInitializerClasses = '[]', activeProfiles = '{}', propertySourceLocations = '{}', propertySourceProperties = '{org.springframework.boot.test.context.SpringBootTestContextBootstrapper=true}', contextCustomizers = set[org.springframework.boot.test.context.filter.ExcludeFilterContextCustomizer@515c6049, org.springframework.boot.test.json.DuplicateJsonObjectContextCustomizerFactory$DuplicateJsonObjectContextCustomizer@443118b0, org.springframework.boot.test.mock.mockito.MockitoContextCustomizer@0, org.springframework.boot.test.web.client.TestRestTemplateContextCustomizer@22555ebf, org.springframework.boot.test.web.reactive.server.WebTestClientContextCustomizer@34e9fd99, org.springframework.boot.test.autoconfigure.actuate.metrics.MetricsExportContextCustomizerFactory$DisableMetricExportContextCustomizer@40a4337a, org.springframework.boot.test.autoconfigure.properties.PropertyMappingContextCustomizer@0, org.springframework.boot.test.autoconfigure.web.servlet.WebDriverContextCustomizerFactory$Customizer@31190526, org.springframework.boot.test.context.SpringBootTestArgs@1, org.springframework.boot.test.context.SpringBootTestWebEnvironment@39fb3ab6], resourceBasePath = 'src/main/webapp', contextLoader = 'org.springframework.boot.test.context.SpringBootContextLoader', parent = [null]], attributes = map['org.springframework.test.context.web.ServletTestExecutionListener.activateListener' -> true]], class annotated with @DirtiesContext [false] with mode [null].
22:39:13.103 [main] DEBUG org.springframework.test.context.support.TestPropertySourceUtils - Adding inlined properties to environment: {spring.jmx.enabled=false, org.springframework.boot.test.context.SpringBootTestContextBootstrapper=true}

  .   ____          _            __ _ _
 /\\ / ___'_ __ _ _(_)_ __  __ _ \ \ \ \
( ( )\___ | '_ | '_| | '_ \/ _` | \ \ \ \
 \\/  ___)| |_)| | | | | || (_| |  ) ) ) )
  '  |____| .__|_| |_|_| |_\__, | / / / /
 =========|_|==============|___/=/_/_/_/
 :: Spring Boot ::                (v2.4.0)

2021-08-14 22:39:13.424  INFO 44076 --- [           main] c.b.e.m.service.BoardServiceImplTest     : Starting BoardServiceImplTest using Java 1.8.0_292 on Ezequiels-MacBook-Pro.local with PID 44076 (started by egorbatik in /Users/egorbatik/Downloads/mancala)
2021-08-14 22:39:13.428  INFO 44076 --- [           main] c.b.e.m.service.BoardServiceImplTest     : No active profile set, falling back to default profiles: default
2021-08-14 22:39:14.123  INFO 44076 --- [           main] .s.d.r.c.RepositoryConfigurationDelegate : Bootstrapping Spring Data JPA repositories in DEFAULT mode.
2021-08-14 22:39:14.225  INFO 44076 --- [           main] .s.d.r.c.RepositoryConfigurationDelegate : Finished Spring Data repository scanning in 81 ms. Found 1 JPA repository interfaces.
2021-08-14 22:39:15.038  INFO 44076 --- [           main] com.zaxxer.hikari.HikariDataSource       : HikariPool-1 - Starting...
2021-08-14 22:39:15.312  INFO 44076 --- [           main] com.zaxxer.hikari.HikariDataSource       : HikariPool-1 - Start completed.
2021-08-14 22:39:15.388  INFO 44076 --- [           main] o.hibernate.jpa.internal.util.LogHelper  : HHH000204: Processing PersistenceUnitInfo [name: default]
2021-08-14 22:39:15.450  INFO 44076 --- [           main] org.hibernate.Version                    : HHH000412: Hibernate ORM core version 5.4.23.Final
2021-08-14 22:39:15.652  INFO 44076 --- [           main] o.hibernate.annotations.common.Version   : HCANN000001: Hibernate Commons Annotations {5.1.2.Final}
2021-08-14 22:39:15.804  INFO 44076 --- [           main] org.hibernate.dialect.Dialect            : HHH000400: Using dialect: org.hibernate.dialect.H2Dialect
2021-08-14 22:39:16.391  INFO 44076 --- [           main] o.h.e.t.j.p.i.JtaPlatformInitiator       : HHH000490: Using JtaPlatform implementation: [org.hibernate.engine.transaction.jta.platform.internal.NoJtaPlatform]
2021-08-14 22:39:16.400  INFO 44076 --- [           main] j.LocalContainerEntityManagerFactoryBean : Initialized JPA EntityManagerFactory for persistence unit 'default'
2021-08-14 22:39:16.915  WARN 44076 --- [           main] JpaBaseConfiguration$JpaWebConfiguration : spring.jpa.open-in-view is enabled by default. Therefore, database queries may be performed during view rendering. Explicitly configure spring.jpa.open-in-view to disable this warning
2021-08-14 22:39:17.185  INFO 44076 --- [           main] o.s.s.concurrent.ThreadPoolTaskExecutor  : Initializing ExecutorService 'applicationTaskExecutor'
2021-08-14 22:39:17.267  INFO 44076 --- [           main] o.s.b.a.h2.H2ConsoleAutoConfiguration    : H2 console available at '/h2'. Database available at 'jdbc:h2:mem:mancala'
2021-08-14 22:39:17.713  INFO 44076 --- [           main] c.b.e.m.service.BoardServiceImplTest     : Started BoardServiceImplTest in 4.599 seconds (JVM running for 6.068)
]]></system-out>
	</testcase>
	<testcase name="initializationError"
		classname="com.bol.egorbatik.mancala.service.BoardServiceImplTest"
		time="0.004">
		<error
			message="Invalid test class &apos;com.bol.egorbatik.mancala.service.BoardServiceImplTest&apos;:&#10;  1. No runnable methods"
			type="org.junit.runners.model.InvalidTestClassError">org.junit.runners.model.InvalidTestClassError: 
Invalid test class 'com.bol.egorbatik.mancala.service.BoardServiceImplTest':
  1. No runnable methods
</error>
	</testcase>
</testsuite>